\BOOKMARK [1][-]{section.1}{Christimas in Paris, ca. 1280}{}% 1
\BOOKMARK [2][-]{subsection.1.1}{Church Music}{section.1}% 2
\BOOKMARK [2][-]{subsection.1.2}{Puer natus est nobis \(\215A child is born to us\216\)}{section.1}% 3
\BOOKMARK [2][-]{subsection.1.3}{Viderunt omnes \(\215All the ends of the earth have seen the salvation of our God\216\)}{section.1}% 4
\BOOKMARK [2][-]{subsection.1.4}{Types of Church Music}{section.1}% 5
\BOOKMARK [3][-]{subsubsection.1.4.1}{Chants}{subsection.1.4}% 6
\BOOKMARK [3][-]{subsubsection.1.4.2}{Organum}{subsection.1.4}% 7
\BOOKMARK [2][-]{subsection.1.5}{Leonin's and Perotin's setting of Viderunt omnes}{section.1}% 8
\BOOKMARK [3][-]{subsubsection.1.5.1}{Leonin's Viderun omnes}{subsection.1.5}% 9
\BOOKMARK [3][-]{subsubsection.1.5.2}{Perotin's Viderun omnes}{subsection.1.5}% 10
\BOOKMARK [2][-]{subsection.1.6}{Secular Music and Types of Secular Music}{section.1}% 11
\BOOKMARK [3][-]{subsubsection.1.6.1}{Estampie}{subsection.1.6}% 12
\BOOKMARK [3][-]{subsubsection.1.6.2}{Trouv\350re song}{subsection.1.6}% 13
\BOOKMARK [3][-]{subsubsection.1.6.3}{Motet}{subsection.1.6}% 14
\BOOKMARK [2][-]{subsection.1.7}{Jeu de Robin et Marion \(\215play with songs\216\)}{section.1}% 15
\BOOKMARK [2][-]{subsection.1.8}{De ma dame vient/Dieus, comment porroie/Omnes}{section.1}% 16
\BOOKMARK [2][-]{subsection.1.9}{Emergence of Polyphony}{section.1}% 17
\BOOKMARK [1][-]{section.2}{At the Court of Philip the Good of Burgundy, ca. 1450}{}% 18
\BOOKMARK [2][-]{subsection.2.1}{The Duchy of Burgundy}{section.2}% 19
\BOOKMARK [2][-]{subsection.2.2}{Rose liz printemps verdure}{section.2}% 20
\BOOKMARK [2][-]{subsection.2.3}{Gilles Binchois \(Gilles de Bins\)}{section.2}% 21
\BOOKMARK [3][-]{subsubsection.2.3.1}{Deuil angoisseux \(ceremonial ballade \(aa'bC\)\)}{subsection.2.3}% 22
\BOOKMARK [2][-]{subsection.2.4}{The English Guise}{section.2}% 23
\BOOKMARK [3][-]{subsubsection.2.4.1}{John Dunstable}{subsection.2.4}% 24
\BOOKMARK [3][-]{subsubsection.2.4.2}{Quam pulchra es}{subsection.2.4}% 25
\BOOKMARK [3][-]{subsubsection.2.4.3}{Johannes Tinctoris}{subsection.2.4}% 26
\BOOKMARK [3][-]{subsubsection.2.4.4}{Martin le Franc}{subsection.2.4}% 27
\BOOKMARK [3][-]{subsubsection.2.4.5}{Guillaume Du Fay}{subsection.2.4}% 28
\BOOKMARK [3][-]{subsubsection.2.4.6}{Nuper rosarum flores}{subsection.2.4}% 29
\BOOKMARK [3][-]{subsubsection.2.4.7}{Missa L'homme arme}{subsection.2.4}% 30
\BOOKMARK [2][-]{subsection.2.5}{Messe de Nostre-Dame}{section.2}% 31
